<?xml version="1.0" encoding="UTF-8"?>
<!-- Generated by org.testng.reporters.JUnitReportReporter -->
<testsuite hostname="DESKTOP-PGOH6VN" failures="0" tests="2" name="testng.TestbBasics" time="0.038" errors="0" timestamp="2022-03-11T00:34:34 IST" skipped="0">
  <testcase classname="testng.TestbBasics" name="test2" time="0.003"/>
  <system-out/>
  <testcase classname="testng.TestbBasics" name="test1" time="0.035"/>
  <system-out/>
</testsuite> <!-- testng.TestbBasics -->
